Using pre-set license
Built from '2020.2/release' branch; Version is '2020.2.1f1 (270dd8c3da1c) revision 2559448'; Using compiler version '192528614'; Build Type 'Release'
OS: 'Windows 10  (10.0.0) 64bit' Language: 'tr' Physical Memory: 6010 MB
BatchMode: 1, IsHumanControllingUs: 0, StartBugReporterOnCrash: 0, Is64bit: 1, IsPro: 0

 COMMAND LINE ARGUMENTS:
C:\Program Files\Unity\Hub\Editor\2020.2.1f1\Editor\Unity.exe
-adb2
-batchMode
-noUpm
-name
AssetImportWorker1
-projectPath
C:/Users/yasin/Documents/GitHub/Pooling_Patern
-logFile
Logs/AssetImportWorker1.log
-srvPort
56974
Successfully changed project path to: C:/Users/yasin/Documents/GitHub/Pooling_Patern
C:/Users/yasin/Documents/GitHub/Pooling_Patern
Using Asset Import Pipeline V2.
Refreshing native plugins compatible for Editor in 46.48 ms, found 0 plugins.
Preloading 0 native plugins for Editor in 0.00 ms.
Initialize engine version: 2020.2.1f1 (270dd8c3da1c)
[Subsystems] Discovering subsystems at path C:/Program Files/Unity/Hub/Editor/2020.2.1f1/Editor/Data/Resources/UnitySubsystems
[Subsystems] Discovering subsystems at path C:/Users/yasin/Documents/GitHub/Pooling_Patern/Assets
GfxDevice: creating device client; threaded=0
Direct3D:
    Version:  Direct3D 11.0 [level 11.0]
    Renderer: NVIDIA GeForce 920M (ID=0x1299)
    Vendor:   
    VRAM:     2020 MB
    Driver:   22.21.13.8205
Initialize mono
Mono path[0] = 'C:/Program Files/Unity/Hub/Editor/2020.2.1f1/Editor/Data/Managed'
Mono path[1] = 'C:/Program Files/Unity/Hub/Editor/2020.2.1f1/Editor/Data/MonoBleedingEdge/lib/mono/unityjit'
Mono config path = 'C:/Program Files/Unity/Hub/Editor/2020.2.1f1/Editor/Data/MonoBleedingEdge/etc'
Using monoOptions --debugger-agent=transport=dt_socket,embedding=1,server=y,suspend=n,address=127.0.0.1:56168
Begin MonoManager ReloadAssembly
Registering precompiled unity dll's ...
Register platform support module: C:/Program Files/Unity/Hub/Editor/2020.2.1f1/Editor/Data/PlaybackEngines/WindowsStandaloneSupport/UnityEditor.WindowsStandalone.Extensions.dll
Registered in 0.002555 seconds.
Native extension for WindowsStandalone target not found
Refreshing native plugins compatible for Editor in 37.90 ms, found 0 plugins.
Preloading 0 native plugins for Editor in 0.00 ms.
Invoked RoslynAnalysisRunner static constructor.
RoslynAnalysisRunner will not be running.
RoslynAnalysisRunner has terminated.
Mono: successfully reloaded assembly
- Completed reload, in  3.092 seconds
Platform modules already initialized, skipping
Registering precompiled user dll's ...
Registered in 0.001163 seconds.
Begin MonoManager ReloadAssembly
Native extension for WindowsStandalone target not found
Refreshing native plugins compatible for Editor in 0.39 ms, found 0 plugins.
Preloading 0 native plugins for Editor in 0.00 ms.
Invoked RoslynAnalysisRunner static constructor.
RoslynAnalysisRunner will not be running.
RoslynAnalysisRunner has terminated.
Mono: successfully reloaded assembly
- Completed reload, in  1.537 seconds
Platform modules already initialized, skipping
========================================================================
Worker process is ready to serve import requests
Launched and connected shader compiler UnityShaderCompiler.exe after 0.22 seconds
Refreshing native plugins compatible for Editor in 1.13 ms, found 0 plugins.
Preloading 0 native plugins for Editor in 0.00 ms.
Unloading 1199 Unused Serialized files (Serialized files now loaded: 0)
System memory in use before: 58.8 MB.
System memory in use after: 58.9 MB.

Unloading 22 unused Assets to reduce memory usage. Loaded Objects now: 1627.
Total: 2.726600 ms (FindLiveObjects: 0.168000 ms CreateObjectMapping: 0.059600 ms MarkObjects: 2.419800 ms  DeleteObjects: 0.077500 ms)

========================================================================
Received Import Request.
  path: Assets/Scenes/SampleScene.unity
  artifactKey: Guid(9fc0d4010bbf28b4594072e72b8655ab) Importer(815301076,1909f56bfc062723c751e8b465ee728b)
Start importing Assets/Scenes/SampleScene.unity using Guid(9fc0d4010bbf28b4594072e72b8655ab) Importer(815301076,1909f56bfc062723c751e8b465ee728b)  -> (artifact id: '82d80bd1b77102393b06d96e86986bd3') in 0.023839 seconds
  Import took 0.026594 seconds .

========================================================================
Received Import Request.
  Time since last request: 6.609607 seconds.
  path: Assets/Scenes/TextScene.unity
  artifactKey: Guid(9fc0d4010bbf28b4594072e72b8655ab) Importer(815301076,1909f56bfc062723c751e8b465ee728b)
Start importing Assets/Scenes/TextScene.unity using Guid(9fc0d4010bbf28b4594072e72b8655ab) Importer(815301076,1909f56bfc062723c751e8b465ee728b)  -> (artifact id: '44795b5e781e8af60efb4a84f4553bef') in 0.024320 seconds
  Import took 0.029606 seconds .

========================================================================
Received Import Request.
  Time since last request: 6.793999 seconds.
  path: Assets/Scenes/TestScene.unity
  artifactKey: Guid(9fc0d4010bbf28b4594072e72b8655ab) Importer(815301076,1909f56bfc062723c751e8b465ee728b)
Start importing Assets/Scenes/TestScene.unity using Guid(9fc0d4010bbf28b4594072e72b8655ab) Importer(815301076,1909f56bfc062723c751e8b465ee728b)  -> (artifact id: '15ea4b1fd12df7d585f470efa8d6ee8c') in 0.021190 seconds
  Import took 0.026519 seconds .

========================================================================
Received Import Request.
  Time since last request: 5.238390 seconds.
  path: Assets/Editor
  artifactKey: Guid(9a2df797eb7ea8e44843144af9429b99) Importer(815301076,1909f56bfc062723c751e8b465ee728b)
Start importing Assets/Editor using Guid(9a2df797eb7ea8e44843144af9429b99) Importer(815301076,1909f56bfc062723c751e8b465ee728b)  -> (artifact id: 'b1fbd3de79c2098450e37516b9ed230d') in 0.016168 seconds
  Import took 0.020044 seconds .

========================================================================
Received Import Request.
  Time since last request: 0.000275 seconds.
  path: Assets/Editor
  artifactKey: Guid(9a2df797eb7ea8e44843144af9429b99) Importer(815301076,1909f56bfc062723c751e8b465ee728b)
Start importing Assets/Editor using Guid(9a2df797eb7ea8e44843144af9429b99) Importer(815301076,1909f56bfc062723c751e8b465ee728b)  -> (artifact id: 'b1fbd3de79c2098450e37516b9ed230d') in 0.006093 seconds
  Import took 0.009335 seconds .

========================================================================
Received Import Request.
  Time since last request: 157.421362 seconds.
  path: Assets/Scripts
  artifactKey: Guid(b9c9be73bb212994787eb0b63241efcd) Importer(815301076,1909f56bfc062723c751e8b465ee728b)
Start importing Assets/Scripts using Guid(b9c9be73bb212994787eb0b63241efcd) Importer(815301076,1909f56bfc062723c751e8b465ee728b)  -> (artifact id: 'fae5604f45b8c934899e4eef89257ae3') in 0.014931 seconds
  Import took 0.018632 seconds .

========================================================================
Received Import Request.
  Time since last request: 2.755556 seconds.
  path: Assets/Scenes
  artifactKey: Guid(f7b66c42ee145314083f073e99178630) Importer(815301076,1909f56bfc062723c751e8b465ee728b)
Start importing Assets/Scenes using Guid(f7b66c42ee145314083f073e99178630) Importer(815301076,1909f56bfc062723c751e8b465ee728b)  -> (artifact id: 'd0c2d54b81bd2666c031a260235ebad3') in 0.018409 seconds
  Import took 0.023193 seconds .

========================================================================
Received Import Request.
  Time since last request: 2.535376 seconds.
  path: Assets/Prefabs/Blue.prefab
  artifactKey: Guid(b1f2cc4ca4d4fe74995b72f6380ff301) Importer(815301076,1909f56bfc062723c751e8b465ee728b)
Start importing Assets/Prefabs/Blue.prefab using Guid(b1f2cc4ca4d4fe74995b72f6380ff301) Importer(815301076,1909f56bfc062723c751e8b465ee728b)  -> (artifact id: '528ca4a1ac670b8b5c0ca16484c58ce4') in 0.669598 seconds
  Import took 0.673846 seconds .

========================================================================
Received Import Request.
  Time since last request: 0.000333 seconds.
  path: Assets/Prefabs/Red.prefab
  artifactKey: Guid(6f926ece2999d024bae8a0b9f153a899) Importer(815301076,1909f56bfc062723c751e8b465ee728b)
Start importing Assets/Prefabs/Red.prefab using Guid(6f926ece2999d024bae8a0b9f153a899) Importer(815301076,1909f56bfc062723c751e8b465ee728b)  -> (artifact id: '86efc88b9531f39e3749ff316858afc6') in 0.043526 seconds
  Import took 0.046470 seconds .

========================================================================
Received Import Request.
  Time since last request: 0.000332 seconds.
  path: Assets/Prefabs
  artifactKey: Guid(6f54afaf4c4b1c14e8363350fbc25bcf) Importer(815301076,1909f56bfc062723c751e8b465ee728b)
Start importing Assets/Prefabs using Guid(6f54afaf4c4b1c14e8363350fbc25bcf) Importer(815301076,1909f56bfc062723c751e8b465ee728b)  -> (artifact id: '9eed59ac4dad083829717fd71f081cdd') in 0.011293 seconds
  Import took 0.016041 seconds .

========================================================================
Received Import Request.
  Time since last request: 0.000283 seconds.
  path: Assets/Prefabs/Green.prefab
  artifactKey: Guid(d3be5580e330c34478e2dd84993947d6) Importer(815301076,1909f56bfc062723c751e8b465ee728b)
Start importing Assets/Prefabs/Green.prefab using Guid(d3be5580e330c34478e2dd84993947d6) Importer(815301076,1909f56bfc062723c751e8b465ee728b)  -> (artifact id: 'fb0c146044f7b05a2d7722a594683f5f') in 0.041666 seconds
  Import took 0.046706 seconds .

========================================================================
Received Import Request.
  Time since last request: 1.364207 seconds.
  path: Assets/Materials/Blue_material.mat
  artifactKey: Guid(b8e4792574a79be458afd8e570643bcc) Importer(815301076,1909f56bfc062723c751e8b465ee728b)
Start importing Assets/Materials/Blue_material.mat using Guid(b8e4792574a79be458afd8e570643bcc) Importer(815301076,1909f56bfc062723c751e8b465ee728b)  -> (artifact id: '07debaf9b56cb66723414f6b9994957b') in 0.156424 seconds
  Import took 0.160487 seconds .

========================================================================
Received Import Request.
  Time since last request: 0.000347 seconds.
  path: Assets/Materials/Red_material.mat
  artifactKey: Guid(b32a7b82e89dcf04ebc357a396c92f58) Importer(815301076,1909f56bfc062723c751e8b465ee728b)
Start importing Assets/Materials/Red_material.mat using Guid(b32a7b82e89dcf04ebc357a396c92f58) Importer(815301076,1909f56bfc062723c751e8b465ee728b)  -> (artifact id: '01f434c04271623ea4f59bdcaff20310') in 0.038387 seconds
  Import took 0.042320 seconds .

========================================================================
Received Import Request.
  Time since last request: 0.000571 seconds.
  path: Assets/Materials
  artifactKey: Guid(cb8d377c34d19454a9672ca8219aac33) Importer(815301076,1909f56bfc062723c751e8b465ee728b)
Start importing Assets/Materials using Guid(cb8d377c34d19454a9672ca8219aac33) Importer(815301076,1909f56bfc062723c751e8b465ee728b)  -> (artifact id: '05c70dc61b9a51b35fec658963646e2a') in 0.012552 seconds
  Import took 0.015961 seconds .

========================================================================
Received Import Request.
  Time since last request: 0.000336 seconds.
  path: Assets/Materials/Green_material.mat
  artifactKey: Guid(8a8b6b557614bb44b8733b697acc098d) Importer(815301076,1909f56bfc062723c751e8b465ee728b)
Start importing Assets/Materials/Green_material.mat using Guid(8a8b6b557614bb44b8733b697acc098d) Importer(815301076,1909f56bfc062723c751e8b465ee728b)  -> (artifact id: '012d37631c411cdd40e545637ccc4c21') in 0.039365 seconds
  Import took 0.042923 seconds .

AssetImportWorkerClient::OnTransportError - code=2 error=End of file
