Using pre-set license
Built from '2020.2/release' branch; Version is '2020.2.1f1 (270dd8c3da1c) revision 2559448'; Using compiler version '192528614'; Build Type 'Release'
OS: 'Windows 10  (10.0.0) 64bit' Language: 'tr' Physical Memory: 6010 MB
BatchMode: 1, IsHumanControllingUs: 0, StartBugReporterOnCrash: 0, Is64bit: 1, IsPro: 0

 COMMAND LINE ARGUMENTS:
C:\Program Files\Unity\Hub\Editor\2020.2.1f1\Editor\Unity.exe
-adb2
-batchMode
-noUpm
-name
AssetImportWorker0
-projectPath
C:/Users/yasin/Documents/GitHub/Unity-Package/Pooling_Patern
-logFile
Logs/AssetImportWorker0.log
-srvPort
49727
Successfully changed project path to: C:/Users/yasin/Documents/GitHub/Unity-Package/Pooling_Patern
C:/Users/yasin/Documents/GitHub/Unity-Package/Pooling_Patern
Using Asset Import Pipeline V2.
Refreshing native plugins compatible for Editor in 43.40 ms, found 0 plugins.
Preloading 0 native plugins for Editor in 0.00 ms.
Initialize engine version: 2020.2.1f1 (270dd8c3da1c)
[Subsystems] Discovering subsystems at path C:/Program Files/Unity/Hub/Editor/2020.2.1f1/Editor/Data/Resources/UnitySubsystems
[Subsystems] Discovering subsystems at path C:/Users/yasin/Documents/GitHub/Unity-Package/Pooling_Patern/Assets
GfxDevice: creating device client; threaded=0
Direct3D:
    Version:  Direct3D 11.0 [level 11.0]
    Renderer: NVIDIA GeForce 920M (ID=0x1299)
    Vendor:   
    VRAM:     2020 MB
    Driver:   22.21.13.8205
Initialize mono
Mono path[0] = 'C:/Program Files/Unity/Hub/Editor/2020.2.1f1/Editor/Data/Managed'
Mono path[1] = 'C:/Program Files/Unity/Hub/Editor/2020.2.1f1/Editor/Data/MonoBleedingEdge/lib/mono/unityjit'
Mono config path = 'C:/Program Files/Unity/Hub/Editor/2020.2.1f1/Editor/Data/MonoBleedingEdge/etc'
Using monoOptions --debugger-agent=transport=dt_socket,embedding=1,server=y,suspend=n,address=127.0.0.1:56080
Begin MonoManager ReloadAssembly
Registering precompiled unity dll's ...
Register platform support module: C:/Program Files/Unity/Hub/Editor/2020.2.1f1/Editor/Data/PlaybackEngines/WindowsStandaloneSupport/UnityEditor.WindowsStandalone.Extensions.dll
Registered in 0.002206 seconds.
Native extension for WindowsStandalone target not found
Refreshing native plugins compatible for Editor in 42.46 ms, found 0 plugins.
Preloading 0 native plugins for Editor in 0.00 ms.
Invoked RoslynAnalysisRunner static constructor.
RoslynAnalysisRunner will not be running.
RoslynAnalysisRunner has terminated.
Mono: successfully reloaded assembly
- Completed reload, in  2.854 seconds
Platform modules already initialized, skipping
Registering precompiled user dll's ...
Registered in 0.000974 seconds.
Begin MonoManager ReloadAssembly
Native extension for WindowsStandalone target not found
Refreshing native plugins compatible for Editor in 0.38 ms, found 0 plugins.
Preloading 0 native plugins for Editor in 0.00 ms.
Invoked RoslynAnalysisRunner static constructor.
RoslynAnalysisRunner will not be running.
RoslynAnalysisRunner has terminated.
Mono: successfully reloaded assembly
- Completed reload, in  1.318 seconds
Platform modules already initialized, skipping
========================================================================
Worker process is ready to serve import requests
Launched and connected shader compiler UnityShaderCompiler.exe after 0.09 seconds
Refreshing native plugins compatible for Editor in 0.38 ms, found 0 plugins.
Preloading 0 native plugins for Editor in 0.00 ms.
Unloading 1199 Unused Serialized files (Serialized files now loaded: 0)
System memory in use before: 58.8 MB.
System memory in use after: 58.9 MB.

Unloading 22 unused Assets to reduce memory usage. Loaded Objects now: 1627.
Total: 2.172100 ms (FindLiveObjects: 0.230000 ms CreateObjectMapping: 0.055000 ms MarkObjects: 1.803600 ms  DeleteObjects: 0.081700 ms)

========================================================================
Received Import Request.
  path: Assets/Scripts/Pooling
  artifactKey: Guid(30127df6d50d67c49aa9ca1d802ad0fa) Importer(815301076,1909f56bfc062723c751e8b465ee728b)
Start importing Assets/Scripts/Pooling using Guid(30127df6d50d67c49aa9ca1d802ad0fa) Importer(815301076,1909f56bfc062723c751e8b465ee728b)  -> (artifact id: '295ca01dc05d67ec7b53a1e4b9f61cb5') in 0.013028 seconds
  Import took 0.016233 seconds .

========================================================================
Received Import Request.
  Time since last request: 0.000477 seconds.
  path: Assets/Scripts/Pooling/PoolManager.cs
  artifactKey: Guid(ce2c6677cf388ea448b9eb4d5f6e50b3) Importer(815301076,1909f56bfc062723c751e8b465ee728b)
Start importing Assets/Scripts/Pooling/PoolManager.cs using Guid(ce2c6677cf388ea448b9eb4d5f6e50b3) Importer(815301076,1909f56bfc062723c751e8b465ee728b)  -> (artifact id: '4d324d79724f68941eeda76514a6f059') in 0.048826 seconds
  Import took 0.051945 seconds .

========================================================================
Received Import Request.
  Time since last request: 0.000325 seconds.
  path: Assets/Scripts/Pooling/PoolMaster.cs
  artifactKey: Guid(66eeb9e21faa45c4c966f84389603dd7) Importer(815301076,1909f56bfc062723c751e8b465ee728b)
Start importing Assets/Scripts/Pooling/PoolMaster.cs using Guid(66eeb9e21faa45c4c966f84389603dd7) Importer(815301076,1909f56bfc062723c751e8b465ee728b)  -> (artifact id: 'd192e2eb5555ce8961156f155ccb4f96') in 0.011071 seconds
  Import took 0.016211 seconds .

========================================================================
Received Import Request.
  Time since last request: 70.720561 seconds.
  path: Assets/Scripts/Pooling/PoolMaster.cs
  artifactKey: Guid(66eeb9e21faa45c4c966f84389603dd7) Importer(815301076,1909f56bfc062723c751e8b465ee728b)
Start importing Assets/Scripts/Pooling/PoolMaster.cs using Guid(66eeb9e21faa45c4c966f84389603dd7) Importer(815301076,1909f56bfc062723c751e8b465ee728b)  -> (artifact id: '86cb83c4fb53285d416a1d5d61a4aad2') in 0.035490 seconds
  Import took 0.042948 seconds .

========================================================================
Received Import Request.
  Time since last request: 10.834368 seconds.
  path: Assets/Scripts/Pooling/PoolMaster.cs
  artifactKey: Guid(66eeb9e21faa45c4c966f84389603dd7) Importer(815301076,1909f56bfc062723c751e8b465ee728b)
Start importing Assets/Scripts/Pooling/PoolMaster.cs using Guid(66eeb9e21faa45c4c966f84389603dd7) Importer(815301076,1909f56bfc062723c751e8b465ee728b)  -> (artifact id: '46f6a17e7cb9945e0a3a7da4361531c3') in 0.022359 seconds
  Import took 0.045856 seconds .

========================================================================
Received Import Request.
  Time since last request: 34.816215 seconds.
  path: Assets/Scripts/Pooling/PoolMaster.cs
  artifactKey: Guid(66eeb9e21faa45c4c966f84389603dd7) Importer(815301076,1909f56bfc062723c751e8b465ee728b)
Start importing Assets/Scripts/Pooling/PoolMaster.cs using Guid(66eeb9e21faa45c4c966f84389603dd7) Importer(815301076,1909f56bfc062723c751e8b465ee728b)  -> (artifact id: 'e7c36bab2691c9447ec36da0a0c8ccde') in 0.027500 seconds
  Import took 0.036741 seconds .

========================================================================
Received Prepare
Registering precompiled user dll's ...
Registered in 0.001166 seconds.
Begin MonoManager ReloadAssembly
Native extension for WindowsStandalone target not found
Refreshing native plugins compatible for Editor in 0.46 ms, found 0 plugins.
Preloading 0 native plugins for Editor in 0.00 ms.
Invoked RoslynAnalysisRunner static constructor.
RoslynAnalysisRunner will not be running.
RoslynAnalysisRunner has terminated.
Mono: successfully reloaded assembly
- Completed reload, in  2.010 seconds
Platform modules already initialized, skipping
Refreshing native plugins compatible for Editor in 0.45 ms, found 0 plugins.
Preloading 0 native plugins for Editor in 0.00 ms.
Unloading 1193 Unused Serialized files (Serialized files now loaded: 0)
System memory in use before: 58.7 MB.
System memory in use after: 58.8 MB.

Unloading 17 unused Assets to reduce memory usage. Loaded Objects now: 1629.
Total: 3.622000 ms (FindLiveObjects: 0.393400 ms CreateObjectMapping: 0.116700 ms MarkObjects: 3.073900 ms  DeleteObjects: 0.035700 ms)

========================================================================
Received Prepare
Registering precompiled user dll's ...
Registered in 0.000942 seconds.
Begin MonoManager ReloadAssembly
Native extension for WindowsStandalone target not found
Refreshing native plugins compatible for Editor in 0.93 ms, found 0 plugins.
Preloading 0 native plugins for Editor in 0.00 ms.
Invoked RoslynAnalysisRunner static constructor.
RoslynAnalysisRunner will not be running.
RoslynAnalysisRunner has terminated.
Mono: successfully reloaded assembly
- Completed reload, in  1.270 seconds
Platform modules already initialized, skipping
Refreshing native plugins compatible for Editor in 0.48 ms, found 0 plugins.
Preloading 0 native plugins for Editor in 0.00 ms.
Unloading 1193 Unused Serialized files (Serialized files now loaded: 0)
System memory in use before: 58.8 MB.
System memory in use after: 58.9 MB.

Unloading 17 unused Assets to reduce memory usage. Loaded Objects now: 1631.
Total: 2.040500 ms (FindLiveObjects: 0.163700 ms CreateObjectMapping: 0.050900 ms MarkObjects: 1.790600 ms  DeleteObjects: 0.033300 ms)

========================================================================
Received Prepare
Registering precompiled user dll's ...
Registered in 0.001504 seconds.
Begin MonoManager ReloadAssembly
Native extension for WindowsStandalone target not found
Refreshing native plugins compatible for Editor in 0.53 ms, found 0 plugins.
Preloading 0 native plugins for Editor in 0.00 ms.
Invoked RoslynAnalysisRunner static constructor.
RoslynAnalysisRunner will not be running.
RoslynAnalysisRunner has terminated.
Mono: successfully reloaded assembly
- Completed reload, in  1.428 seconds
Platform modules already initialized, skipping
Refreshing native plugins compatible for Editor in 0.41 ms, found 0 plugins.
Preloading 0 native plugins for Editor in 0.00 ms.
Unloading 1193 Unused Serialized files (Serialized files now loaded: 0)
System memory in use before: 58.9 MB.
System memory in use after: 59.0 MB.

Unloading 17 unused Assets to reduce memory usage. Loaded Objects now: 1633.
Total: 2.159100 ms (FindLiveObjects: 0.174300 ms CreateObjectMapping: 0.055700 ms MarkObjects: 1.891800 ms  DeleteObjects: 0.035500 ms)

========================================================================
Received Prepare
Registering precompiled user dll's ...
Registered in 0.001047 seconds.
Begin MonoManager ReloadAssembly
Native extension for WindowsStandalone target not found
Refreshing native plugins compatible for Editor in 0.39 ms, found 0 plugins.
Preloading 0 native plugins for Editor in 0.00 ms.
Invoked RoslynAnalysisRunner static constructor.
RoslynAnalysisRunner will not be running.
RoslynAnalysisRunner has terminated.
Mono: successfully reloaded assembly
- Completed reload, in  1.247 seconds
Platform modules already initialized, skipping
Refreshing native plugins compatible for Editor in 0.43 ms, found 0 plugins.
Preloading 0 native plugins for Editor in 0.00 ms.
Unloading 1193 Unused Serialized files (Serialized files now loaded: 0)
System memory in use before: 59.0 MB.
System memory in use after: 59.1 MB.

Unloading 17 unused Assets to reduce memory usage. Loaded Objects now: 1635.
Total: 2.933200 ms (FindLiveObjects: 0.251200 ms CreateObjectMapping: 0.082800 ms MarkObjects: 2.567300 ms  DeleteObjects: 0.030000 ms)

========================================================================
Received Import Request.
  Time since last request: 228.978375 seconds.
  path: Assets/Scripts/Test
  artifactKey: Guid(f13678fffd258024c8d27220f07db0dc) Importer(815301076,1909f56bfc062723c751e8b465ee728b)
Start importing Assets/Scripts/Test using Guid(f13678fffd258024c8d27220f07db0dc) Importer(815301076,1909f56bfc062723c751e8b465ee728b)  -> (artifact id: '09ad8311950e7bf42451fae7e106e7bb') in 0.031901 seconds
  Import took 0.036160 seconds .

========================================================================
Received Import Request.
  Time since last request: 1.051278 seconds.
  path: Assets/Scripts/Test/CallPoolObject.cs
  artifactKey: Guid(a4d0e34cffa142047b442ea8e59ca578) Importer(815301076,1909f56bfc062723c751e8b465ee728b)
Start importing Assets/Scripts/Test/CallPoolObject.cs using Guid(a4d0e34cffa142047b442ea8e59ca578) Importer(815301076,1909f56bfc062723c751e8b465ee728b)  -> (artifact id: '30608891725c73374cdfc66665fb676d') in 0.022832 seconds
  Import took 0.030247 seconds .

========================================================================
Received Import Request.
  Time since last request: 0.003421 seconds.
  path: Assets/Scripts/Test/CallPoolObject.cs
  artifactKey: Guid(a4d0e34cffa142047b442ea8e59ca578) Importer(815301076,1909f56bfc062723c751e8b465ee728b)
Start importing Assets/Scripts/Test/CallPoolObject.cs using Guid(a4d0e34cffa142047b442ea8e59ca578) Importer(815301076,1909f56bfc062723c751e8b465ee728b)  -> (artifact id: '30608891725c73374cdfc66665fb676d') in 0.035336 seconds
  Import took 0.039073 seconds .

========================================================================
Received Prepare
Registering precompiled user dll's ...
Registered in 0.000947 seconds.
Begin MonoManager ReloadAssembly
Native extension for WindowsStandalone target not found
Refreshing native plugins compatible for Editor in 0.41 ms, found 0 plugins.
Preloading 0 native plugins for Editor in 0.00 ms.
Invoked RoslynAnalysisRunner static constructor.
RoslynAnalysisRunner will not be running.
RoslynAnalysisRunner has terminated.
Mono: successfully reloaded assembly
- Completed reload, in  1.314 seconds
Platform modules already initialized, skipping
Refreshing native plugins compatible for Editor in 0.40 ms, found 0 plugins.
Preloading 0 native plugins for Editor in 0.00 ms.
Unloading 1193 Unused Serialized files (Serialized files now loaded: 0)
System memory in use before: 59.1 MB.
System memory in use after: 59.2 MB.

Unloading 17 unused Assets to reduce memory usage. Loaded Objects now: 1637.
Total: 2.193000 ms (FindLiveObjects: 0.176900 ms CreateObjectMapping: 0.050800 ms MarkObjects: 1.937700 ms  DeleteObjects: 0.026300 ms)

========================================================================
Received Prepare
Registering precompiled user dll's ...
Registered in 0.001283 seconds.
Begin MonoManager ReloadAssembly
Native extension for WindowsStandalone target not found
Refreshing native plugins compatible for Editor in 0.44 ms, found 0 plugins.
Preloading 0 native plugins for Editor in 0.00 ms.
Invoked RoslynAnalysisRunner static constructor.
RoslynAnalysisRunner will not be running.
RoslynAnalysisRunner has terminated.
Mono: successfully reloaded assembly
- Completed reload, in  1.424 seconds
Platform modules already initialized, skipping
Refreshing native plugins compatible for Editor in 0.66 ms, found 0 plugins.
Preloading 0 native plugins for Editor in 0.00 ms.
Unloading 1193 Unused Serialized files (Serialized files now loaded: 0)
System memory in use before: 59.1 MB.
System memory in use after: 59.2 MB.

Unloading 17 unused Assets to reduce memory usage. Loaded Objects now: 1639.
Total: 2.261100 ms (FindLiveObjects: 0.239700 ms CreateObjectMapping: 0.075700 ms MarkObjects: 1.920600 ms  DeleteObjects: 0.023600 ms)

========================================================================
Received Prepare
Registering precompiled user dll's ...
Registered in 0.001088 seconds.
Begin MonoManager ReloadAssembly
Native extension for WindowsStandalone target not found
Refreshing native plugins compatible for Editor in 0.39 ms, found 0 plugins.
Preloading 0 native plugins for Editor in 0.00 ms.
Invoked RoslynAnalysisRunner static constructor.
RoslynAnalysisRunner will not be running.
RoslynAnalysisRunner has terminated.
Mono: successfully reloaded assembly
- Completed reload, in  1.381 seconds
Platform modules already initialized, skipping
Refreshing native plugins compatible for Editor in 0.47 ms, found 0 plugins.
Preloading 0 native plugins for Editor in 0.00 ms.
Unloading 1193 Unused Serialized files (Serialized files now loaded: 0)
System memory in use before: 59.2 MB.
System memory in use after: 59.3 MB.

Unloading 17 unused Assets to reduce memory usage. Loaded Objects now: 1641.
Total: 2.551000 ms (FindLiveObjects: 0.284500 ms CreateObjectMapping: 0.104200 ms MarkObjects: 2.134600 ms  DeleteObjects: 0.026000 ms)

========================================================================
Received Prepare
Registering precompiled user dll's ...
Registered in 0.000987 seconds.
Begin MonoManager ReloadAssembly
Native extension for WindowsStandalone target not found
Refreshing native plugins compatible for Editor in 0.40 ms, found 0 plugins.
Preloading 0 native plugins for Editor in 0.00 ms.
Invoked RoslynAnalysisRunner static constructor.
RoslynAnalysisRunner will not be running.
RoslynAnalysisRunner has terminated.
Mono: successfully reloaded assembly
- Completed reload, in  1.363 seconds
Platform modules already initialized, skipping
Refreshing native plugins compatible for Editor in 0.94 ms, found 0 plugins.
Preloading 0 native plugins for Editor in 0.00 ms.
Unloading 1193 Unused Serialized files (Serialized files now loaded: 0)
System memory in use before: 59.3 MB.
System memory in use after: 59.4 MB.

Unloading 17 unused Assets to reduce memory usage. Loaded Objects now: 1643.
Total: 2.541800 ms (FindLiveObjects: 0.319900 ms CreateObjectMapping: 0.161900 ms MarkObjects: 2.032500 ms  DeleteObjects: 0.025000 ms)

========================================================================
Received Prepare
Registering precompiled user dll's ...
Registered in 0.001203 seconds.
Begin MonoManager ReloadAssembly
Native extension for WindowsStandalone target not found
Refreshing native plugins compatible for Editor in 0.45 ms, found 0 plugins.
Preloading 0 native plugins for Editor in 0.00 ms.
Invoked RoslynAnalysisRunner static constructor.
RoslynAnalysisRunner will not be running.
RoslynAnalysisRunner has terminated.
Mono: successfully reloaded assembly
- Completed reload, in  1.290 seconds
Platform modules already initialized, skipping
Refreshing native plugins compatible for Editor in 0.43 ms, found 0 plugins.
Preloading 0 native plugins for Editor in 0.00 ms.
Unloading 1193 Unused Serialized files (Serialized files now loaded: 0)
System memory in use before: 59.4 MB.
System memory in use after: 59.5 MB.

Unloading 17 unused Assets to reduce memory usage. Loaded Objects now: 1645.
Total: 2.551800 ms (FindLiveObjects: 0.203200 ms CreateObjectMapping: 0.073200 ms MarkObjects: 2.249700 ms  DeleteObjects: 0.023400 ms)

========================================================================
Received Prepare
Registering precompiled user dll's ...
Registered in 0.001443 seconds.
Begin MonoManager ReloadAssembly
Native extension for WindowsStandalone target not found
Refreshing native plugins compatible for Editor in 0.47 ms, found 0 plugins.
Preloading 0 native plugins for Editor in 0.00 ms.
Invoked RoslynAnalysisRunner static constructor.
RoslynAnalysisRunner will not be running.
RoslynAnalysisRunner has terminated.
Mono: successfully reloaded assembly
- Completed reload, in  1.427 seconds
Platform modules already initialized, skipping
Refreshing native plugins compatible for Editor in 0.59 ms, found 0 plugins.
Preloading 0 native plugins for Editor in 0.00 ms.
Unloading 1193 Unused Serialized files (Serialized files now loaded: 0)
System memory in use before: 59.4 MB.
System memory in use after: 59.5 MB.

Unloading 17 unused Assets to reduce memory usage. Loaded Objects now: 1647.
Total: 2.380600 ms (FindLiveObjects: 0.175300 ms CreateObjectMapping: 0.053500 ms MarkObjects: 2.124900 ms  DeleteObjects: 0.025000 ms)

========================================================================
Received Import Request.
  Time since last request: 2620.545547 seconds.
  path: Assets/Scripts/Test/CallPoolObject.cs
  artifactKey: Guid(a4d0e34cffa142047b442ea8e59ca578) Importer(815301076,1909f56bfc062723c751e8b465ee728b)
Start importing Assets/Scripts/Test/CallPoolObject.cs using Guid(a4d0e34cffa142047b442ea8e59ca578) Importer(815301076,1909f56bfc062723c751e8b465ee728b)  -> (artifact id: '12d434e3c97142eb99e2df33e8a15d56') in 0.105490 seconds
  Import took 0.143615 seconds .

========================================================================
Received Import Request.
  Time since last request: 0.028953 seconds.
  path: Assets/Scripts/Pooling/PoolMember.cs
  artifactKey: Guid(f2efac8de26715b449d354adcedcd401) Importer(815301076,1909f56bfc062723c751e8b465ee728b)
Start importing Assets/Scripts/Pooling/PoolMember.cs using Guid(f2efac8de26715b449d354adcedcd401) Importer(815301076,1909f56bfc062723c751e8b465ee728b)  -> (artifact id: '0368469b4f398bed40346c1ad423edd5') in 0.024189 seconds
  Import took 0.028273 seconds .

========================================================================
Received Import Request.
  Time since last request: 0.069368 seconds.
  path: Assets/Scenes/TestScene.unity
  artifactKey: Guid(9fc0d4010bbf28b4594072e72b8655ab) Importer(815301076,1909f56bfc062723c751e8b465ee728b)
Start importing Assets/Scenes/TestScene.unity using Guid(9fc0d4010bbf28b4594072e72b8655ab) Importer(815301076,1909f56bfc062723c751e8b465ee728b)  -> (artifact id: 'c9ce4cfcf94cc3be17674a6c563159f8') in 0.116208 seconds
  Import took 0.121994 seconds .

========================================================================
Received Import Request.
  Time since last request: 0.089964 seconds.
  path: Assets/Editor/com.unity.mobile.notifications
  artifactKey: Guid(6d8e2e3178665be488e481c57be9527e) Importer(815301076,1909f56bfc062723c751e8b465ee728b)
Start importing Assets/Editor/com.unity.mobile.notifications using Guid(6d8e2e3178665be488e481c57be9527e) Importer(815301076,1909f56bfc062723c751e8b465ee728b)  -> (artifact id: '58f30a322b784f3ae215a08dd2705a12') in 0.016285 seconds
  Import took 0.023351 seconds .

========================================================================
Received Import Request.
  Time since last request: 0.039758 seconds.
  path: Assets/Scripts/Pooling/Pooling.cs
  artifactKey: Guid(41c7f509a1d88184181d267d5ff74b58) Importer(815301076,1909f56bfc062723c751e8b465ee728b)
Start importing Assets/Scripts/Pooling/Pooling.cs using Guid(41c7f509a1d88184181d267d5ff74b58) Importer(815301076,1909f56bfc062723c751e8b465ee728b)  -> (artifact id: 'c6b5793364fec7ad1dd73c7192b1135a') in 0.007202 seconds
  Import took 0.011437 seconds .

========================================================================
Received Import Request.
  Time since last request: 0.209771 seconds.
  path: Assets/Editor/com.unity.mobile.notifications/NotificationSettings.asset
  artifactKey: Guid(45a04f37e0f48c744acc0874c4a8918a) Importer(815301076,1909f56bfc062723c751e8b465ee728b)
Start importing Assets/Editor/com.unity.mobile.notifications/NotificationSettings.asset using Guid(45a04f37e0f48c744acc0874c4a8918a) Importer(815301076,1909f56bfc062723c751e8b465ee728b)  -> (artifact id: 'bd7c193375ebe48888e6734ed60ce996') in 0.064594 seconds
  Import took 0.067660 seconds .

========================================================================
Received Import Request.
  Time since last request: 0.181378 seconds.
  path: Assets/Scripts/Pooling/PoolMaster.cs
  artifactKey: Guid(66eeb9e21faa45c4c966f84389603dd7) Importer(815301076,1909f56bfc062723c751e8b465ee728b)
Start importing Assets/Scripts/Pooling/PoolMaster.cs using Guid(66eeb9e21faa45c4c966f84389603dd7) Importer(815301076,1909f56bfc062723c751e8b465ee728b)  -> (artifact id: '788f53cc987458b77a4e4963e4864801') in 0.007392 seconds
  Import took 0.011750 seconds .

========================================================================
Received Import Request.
  Time since last request: 0.208369 seconds.
  path: Assets/Scripts/Pooling/PoolNames.cs
  artifactKey: Guid(1d4adb430612c3f4f833c2fadf499a1b) Importer(815301076,1909f56bfc062723c751e8b465ee728b)
Start importing Assets/Scripts/Pooling/PoolNames.cs using Guid(1d4adb430612c3f4f833c2fadf499a1b) Importer(815301076,1909f56bfc062723c751e8b465ee728b)  -> (artifact id: '41c0500a9887ae6c763f9f940fce54fc') in 0.015895 seconds
  Import took 0.019829 seconds .

AssetImportWorkerClient::OnTransportError - code=2 error=End of file
